0 info it worked if it ends with ok
1 verbose cli [ 'E:\\Programs\\nodejs\\node.exe',
1 verbose cli   'E:\\Programs\\nodejs\\node_modules\\npm\\bin\\npm-cli.js',
1 verbose cli   'install',
1 verbose cli   'sqlite3@3.6.0' ]
2 info using npm@2.15.1
3 info using node@v4.4.4
4 verbose install initial load of E:\Repositories\FantasyBook\package.json
5 verbose installManyTop reading scoped package data from E:\Repositories\FantasyBook\node_modules\formidable\package.json
6 info package.json formidable@1.0.17 No license field.
7 verbose readDependencies loading dependencies from E:\Repositories\FantasyBook\package.json
8 silly cache add args [ 'sqlite3@3.6.0', null ]
9 verbose cache add spec sqlite3@3.6.0
10 silly cache add parsed spec Result {
10 silly cache add   raw: 'sqlite3@3.6.0',
10 silly cache add   scope: null,
10 silly cache add   name: 'sqlite3',
10 silly cache add   rawSpec: '3.6.0',
10 silly cache add   spec: '3.6.0',
10 silly cache add   type: 'version' }
11 silly addNamed sqlite3@3.6.0
12 verbose addNamed "3.6.0" is a plain semver version for sqlite3
13 silly mapToRegistry name sqlite3
14 silly mapToRegistry using default registry
15 silly mapToRegistry registry https://registry.npmjs.org/
16 silly mapToRegistry data Result {
16 silly mapToRegistry   raw: 'sqlite3',
16 silly mapToRegistry   scope: null,
16 silly mapToRegistry   name: 'sqlite3',
16 silly mapToRegistry   rawSpec: '',
16 silly mapToRegistry   spec: 'latest',
16 silly mapToRegistry   type: 'tag' }
17 silly mapToRegistry uri https://registry.npmjs.org/sqlite3
18 verbose addNameVersion registry:https://registry.npmjs.org/sqlite3 not in flight; fetching
19 verbose request uri https://registry.npmjs.org/sqlite3
20 verbose request no auth needed
21 info attempt registry request try #1 at 2:02:22 AM
22 verbose request id 5432027ce0790d6d
23 verbose etag "3CFEIL3GTKKJCYMML0WU2YOL6"
24 http request GET https://registry.npmjs.org/sqlite3
25 http 304 https://registry.npmjs.org/sqlite3
26 verbose headers { date: 'Thu, 19 May 2016 01:02:32 GMT',
26 verbose headers   via: '1.1 varnish',
26 verbose headers   'cache-control': 'max-age=300',
26 verbose headers   etag: '"3CFEIL3GTKKJCYMML0WU2YOL6"',
26 verbose headers   age: '43',
26 verbose headers   connection: 'keep-alive',
26 verbose headers   'x-served-by': 'cache-lhr6332-LHR',
26 verbose headers   'x-cache': 'HIT',
26 verbose headers   'x-cache-hits': '1',
26 verbose headers   'x-timer': 'S1463619752.782474,VS0,VE0',
26 verbose headers   vary: 'Accept-Encoding' }
27 silly get cb [ 304,
27 silly get   { date: 'Thu, 19 May 2016 01:02:32 GMT',
27 silly get     via: '1.1 varnish',
27 silly get     'cache-control': 'max-age=300',
27 silly get     etag: '"3CFEIL3GTKKJCYMML0WU2YOL6"',
27 silly get     age: '43',
27 silly get     connection: 'keep-alive',
27 silly get     'x-served-by': 'cache-lhr6332-LHR',
27 silly get     'x-cache': 'HIT',
27 silly get     'x-cache-hits': '1',
27 silly get     'x-timer': 'S1463619752.782474,VS0,VE0',
27 silly get     vary: 'Accept-Encoding' } ]
28 verbose etag https://registry.npmjs.org/sqlite3 from cache
29 verbose get saving sqlite3 to C:\Users\Arch\AppData\Roaming\npm-cache\registry.npmjs.org\sqlite3\.cache.json
30 verbose correctMkdir C:\Users\Arch\AppData\Roaming\npm-cache correctMkdir not in flight; initializing
31 verbose stack Error: version not found: sqlite3@3.6.0
31 verbose stack     at setData (E:\Programs\nodejs\node_modules\npm\lib\cache\add-named.js:137:12)
31 verbose stack     at RES (E:\Programs\nodejs\node_modules\npm\node_modules\inflight\inflight.js:23:14)
31 verbose stack     at f (E:\Programs\nodejs\node_modules\npm\node_modules\once\once.js:17:25)
31 verbose stack     at fixName (E:\Programs\nodejs\node_modules\npm\lib\cache\add-named.js:29:5)
31 verbose stack     at saved (E:\Programs\nodejs\node_modules\npm\lib\cache\caching-client.js:173:7)
31 verbose stack     at E:\Programs\nodejs\node_modules\npm\node_modules\graceful-fs\polyfills.js:210:7
31 verbose stack     at FSReqWrap.oncomplete (fs.js:82:15)
32 verbose statusCode 404
33 verbose cwd E:\Repositories\FantasyBook
34 error Windows_NT 10.0.10586
35 error argv "E:\\Programs\\nodejs\\node.exe" "E:\\Programs\\nodejs\\node_modules\\npm\\bin\\npm-cli.js" "install" "sqlite3@3.6.0"
36 error node v4.4.4
37 error npm  v2.15.1
38 error version not found: sqlite3@3.6.0
39 error If you need help, you may report this error at:
39 error     <https://github.com/npm/npm/issues>
40 verbose exit [ 1, true ]
